<?xml version="1.0" encoding="UTF-8"?>
<testsuite name="com.cg.demo.AccountServiceTest" tests="10" skipped="0" failures="0" errors="0" timestamp="2016-07-07T03:37:51" hostname="LIN51002860A" time="0.229">
  <properties/>
  <testcase name="accountShouldBeCreatedSuccessfullyWhenValidAmountIsPassed" classname="com.cg.demo.AccountServiceTest" time="0.219"/>
  <testcase name="ifTheAccountNotIsInvalidSystemShouldThrowException" classname="com.cg.demo.AccountServiceTest" time="0.002"/>
  <testcase name="ifTheAccountNoIsValidSystemShouldReturnAccountDetils" classname="com.cg.demo.AccountServiceTest" time="0.0"/>
  <testcase name="whenAccountNumberAndAmountIsValidWhileWithdrawing" classname="com.cg.demo.AccountServiceTest" time="0.0"/>
  <testcase name="whenAccountNumberIsInvalidWhileWithdrawing" classname="com.cg.demo.AccountServiceTest" time="0.0"/>
  <testcase name="whenAmountIsGreaterThanBalanceWhileWithdrawing" classname="com.cg.demo.AccountServiceTest" time="0.0"/>
  <testcase name="whenAmountPassedIsNegativeWhileDepositing" classname="com.cg.demo.AccountServiceTest" time="0.001"/>
  <testcase name="whenAccountNumberIsInvalidWhileDepositing" classname="com.cg.demo.AccountServiceTest" time="0.0"/>
  <testcase name="whenAccountNumberAndAmountIsValidWhileDepositing" classname="com.cg.demo.AccountServiceTest" time="0.0"/>
  <testcase name="whenAmountPassedIsNegativeWhileWithdrawing" classname="com.cg.demo.AccountServiceTest" time="0.0"/>
  <system-out><![CDATA[]]></system-out>
  <system-err><![CDATA[]]></system-err>
</testsuite>
